[2018-03-31 14:06:43] request.INFO: Matched route "admin_module_catalog". {"route_parameters":{"_controller":"PrestaShopBundle\\Controller\\Admin\\ModuleController::catalogAction","_legacy_controller":"AdminModules","_route":"admin_module_catalog"},"request_uri":"http://localhost:8888/admin078qxdcoc/index.php/module/catalog?_token=KL0wH489P-x0gpmE8N6kmnok1jcG3zHB7S6zH8agWgU"} []
[2018-03-31 14:06:43] security.INFO: Populated the TokenStorage with an anonymous Token. [] []
[2018-03-31 14:06:49] app.ERROR: Data from PrestaShop Addons is invalid, and cannot fallback on cache.  {"exception":"cURL error 28: Operation timed out after 5001 milliseconds with 61385 bytes received"} []
[2018-03-31 14:06:59] security.DEBUG: Stored the security token in the session. {"key":"_security_main"} []
[2018-03-31 14:07:01] request.INFO: Matched route "admin_module_catalog_refresh". {"route_parameters":{"category":null,"keyword":null,"_controller":"PrestaShopBundle\\Controller\\Admin\\ModuleController::refreshCatalogAction","_legacy_controller":"AdminModules","_route":"admin_module_catalog_refresh"},"request_uri":"http://localhost:8888/admin078qxdcoc/index.php/module/catalog/refresh?_token=KL0wH489P-x0gpmE8N6kmnok1jcG3zHB7S6zH8agWgU"} []
[2018-03-31 14:07:01] security.DEBUG: Read existing security token from the session. {"key":"_security_main"} []
[2018-03-31 14:07:01] security.DEBUG: User was reloaded from a user provider. {"username":"bilisummaawear@gmail.com","provider":"PrestaShopBundle\\Security\\Admin\\EmployeeProvider"} []
[2018-03-31 14:07:06] app.ERROR: Data from PrestaShop Addons is invalid, and cannot fallback on cache.  {"exception":"cURL error 28: connect() timed out!"} []
[2018-03-31 14:07:12] app.ERROR: Module & services categories could not be loaded from marketplace API [] []
[2018-03-31 14:07:13] security.DEBUG: Stored the security token in the session. {"key":"_security_main"} []
[2018-04-02 23:55:26] request.INFO: Matched route "admin_module_catalog". {"route_parameters":{"_controller":"PrestaShopBundle\\Controller\\Admin\\ModuleController::catalogAction","_legacy_controller":"AdminModules","_route":"admin_module_catalog"},"request_uri":"http://localhost:8888/admin078qxdcoc/index.php/module/catalog?_token=KL0wH489P-x0gpmE8N6kmnok1jcG3zHB7S6zH8agWgU"} []
[2018-04-02 23:55:26] security.DEBUG: Read existing security token from the session. {"key":"_security_main"} []
[2018-04-02 23:55:26] security.DEBUG: User was reloaded from a user provider. {"username":"bilisummaawear@gmail.com","provider":"PrestaShopBundle\\Security\\Admin\\EmployeeProvider"} []
[2018-04-02 23:55:32] app.ERROR: Data from PrestaShop Addons is invalid, and cannot fallback on cache.  {"exception":"cURL error 28: Operation timed out after 5001 milliseconds with 0 bytes received"} []
[2018-04-02 23:55:34] security.DEBUG: Stored the security token in the session. {"key":"_security_main"} []
[2018-05-03 01:59:07] request.INFO: Matched route "admin_module_catalog". {"route_parameters":{"_controller":"PrestaShopBundle\\Controller\\Admin\\ModuleController::catalogAction","_legacy_controller":"AdminModules","_route":"admin_module_catalog"},"request_uri":"http://localhost:8888/admin078qxdcoc/index.php/module/catalog?_token=XDcHbiKS4aQTNV_NC5K8I8mgSeUpw2D5ulaC5b6r2L4"} []
[2018-05-03 01:59:07] security.DEBUG: Read existing security token from the session. {"key":"_security_main"} []
[2018-05-03 01:59:07] security.DEBUG: User was reloaded from a user provider. {"username":"bilisummaawear@gmail.com","provider":"PrestaShopBundle\\Security\\Admin\\EmployeeProvider"} []
[2018-05-03 01:59:12] app.ERROR: Data from PrestaShop Addons is invalid, and cannot fallback on cache.  {"exception":"cURL error 28: Operation timed out after 5000 milliseconds with 0 bytes received"} []
[2018-05-03 01:59:14] security.DEBUG: Stored the security token in the session. {"key":"_security_main"} []
[2018-05-03 01:59:15] request.INFO: Matched route "admin_module_catalog_refresh". {"route_parameters":{"category":null,"keyword":null,"_controller":"PrestaShopBundle\\Controller\\Admin\\ModuleController::refreshCatalogAction","_legacy_controller":"AdminModules","_route":"admin_module_catalog_refresh"},"request_uri":"http://localhost:8888/admin078qxdcoc/index.php/module/catalog/refresh?_token=XDcHbiKS4aQTNV_NC5K8I8mgSeUpw2D5ulaC5b6r2L4"} []
[2018-05-03 01:59:15] security.DEBUG: Read existing security token from the session. {"key":"_security_main"} []
[2018-05-03 01:59:15] security.DEBUG: User was reloaded from a user provider. {"username":"bilisummaawear@gmail.com","provider":"PrestaShopBundle\\Security\\Admin\\EmployeeProvider"} []
[2018-05-03 01:59:21] app.ERROR: Data from PrestaShop Addons is invalid, and cannot fallback on cache.  {"exception":"cURL error 28: Operation timed out after 5001 milliseconds with 0 bytes received"} []
[2018-05-03 01:59:23] security.DEBUG: Stored the security token in the session. {"key":"_security_main"} []
[2018-05-06 23:36:56] request.INFO: Matched route "admin_module_catalog". {"route_parameters":{"_controller":"PrestaShopBundle\\Controller\\Admin\\ModuleController::catalogAction","_legacy_controller":"AdminModules","_route":"admin_module_catalog"},"request_uri":"http://localhost:8888/admin078qxdcoc/index.php/module/catalog?_token=f6y6pnzOB4Pb-zN_le91XzODYAhrBykoLSOfGAsOPPY"} []
[2018-05-06 23:36:56] security.INFO: Populated the TokenStorage with an anonymous Token. [] []
[2018-05-06 23:37:02] app.ERROR: Data from PrestaShop Addons is invalid, and cannot fallback on cache.  {"exception":"cURL error 28: Operation timed out after 5002 milliseconds with 0 bytes received"} []
[2018-05-06 23:37:04] security.DEBUG: Stored the security token in the session. {"key":"_security_main"} []
[2018-05-07 15:10:05] request.INFO: Matched route "admin_module_catalog_refresh". {"route_parameters":{"category":null,"keyword":null,"_controller":"PrestaShopBundle\\Controller\\Admin\\ModuleController::refreshCatalogAction","_legacy_controller":"AdminModules","_route":"admin_module_catalog_refresh"},"request_uri":"http://localhost:8888/admin078qxdcoc/index.php/module/catalog/refresh?_token=pLyy1VeQO3HgQ0EBgiyZR80t9BqPUTRVbzudiV_4QgA"} []
[2018-05-07 15:10:05] security.DEBUG: Read existing security token from the session. {"key":"_security_main"} []
[2018-05-07 15:10:05] security.DEBUG: User was reloaded from a user provider. {"username":"bilisummaawear@gmail.com","provider":"PrestaShopBundle\\Security\\Admin\\EmployeeProvider"} []
[2018-05-07 15:10:11] app.ERROR: Module & services categories could not be loaded from marketplace API [] []
[2018-05-07 15:10:14] security.DEBUG: Stored the security token in the session. {"key":"_security_main"} []
[2018-05-07 15:10:14] request.INFO: Matched route "admin_module_manage". {"route_parameters":{"category":null,"keyword":null,"_controller":"PrestaShopBundle\\Controller\\Admin\\ModuleController::manageAction","_legacy_controller":"AdminModules","_route":"admin_module_manage"},"request_uri":"http://localhost:8888/admin078qxdcoc/index.php/module/manage?_token=pLyy1VeQO3HgQ0EBgiyZR80t9BqPUTRVbzudiV_4QgA"} []
[2018-05-07 15:10:15] security.DEBUG: Read existing security token from the session. {"key":"_security_main"} []
[2018-05-07 15:10:15] security.DEBUG: User was reloaded from a user provider. {"username":"bilisummaawear@gmail.com","provider":"PrestaShopBundle\\Security\\Admin\\EmployeeProvider"} []
[2018-05-07 15:10:21] app.ERROR: Module & services categories could not be loaded from marketplace API [] []
[2018-05-07 15:10:23] security.DEBUG: Stored the security token in the session. {"key":"_security_main"} []
[2018-05-07 15:10:19] request.INFO: Matched route "admin_module_manage". {"route_parameters":{"category":null,"keyword":null,"_controller":"PrestaShopBundle\\Controller\\Admin\\ModuleController::manageAction","_legacy_controller":"AdminModules","_route":"admin_module_manage"},"request_uri":"http://localhost:8888/admin078qxdcoc/index.php/module/manage?_token=pLyy1VeQO3HgQ0EBgiyZR80t9BqPUTRVbzudiV_4QgA"} []
[2018-05-07 15:10:23] security.DEBUG: Read existing security token from the session. {"key":"_security_main"} []
[2018-05-07 15:10:23] security.DEBUG: User was reloaded from a user provider. {"username":"bilisummaawear@gmail.com","provider":"PrestaShopBundle\\Security\\Admin\\EmployeeProvider"} []
[2018-05-07 15:10:29] app.ERROR: Module & services categories could not be loaded from marketplace API [] []
[2018-05-07 15:10:32] security.DEBUG: Stored the security token in the session. {"key":"_security_main"} []
[2018-05-16 20:06:32] request.INFO: Matched route "admin_module_catalog_post". {"route_parameters":{"_controller":"PrestaShopBundle\\Controller\\Admin\\ModuleController::getPreferredModulesAction","_legacy_controller":"AdminModules","_route":"admin_module_catalog_post"},"request_uri":"http://localhost:8888/admin078qxdcoc/index.php/module/catalog/recommended?_token=nupw2avTtlURzMoNrKhCX2_Mvyx9Wokpk1wxxbGDehY&action=getTabModulesList&admin_list_from_source=back-office%2CAdminCarriers%2Cindex&ajax=1&back_tab_modules_list=http%3A%2F%2Flocalhost%3A8888%2Fadmin078qxdcoc%2Findex.php%3Fcontroller%3DAdminCarriers%26token%3Dc18ff9a1a06053843767ad21396c3e5a&controller=AdminModules&route=admin_module_catalog_post&tab_modules_list=bpostshm%2Csocolissimo%2Cseur%2Ccorreos%2Cmondialrelay%2Ctntcarrier%2Cpudo%2Cpacklink%2Cpilipay%2Cenvoimoinscher%2Cgeodisfranceexpress%2Clanavettepickup%2Cchronopost%2Clowcostexpress%2Cdpdfrance%2Clecabflash%2Ccubyn%2Csendcloud%2Cemtshipping%2Cpurolator%2Cexpeditor%2Cupstracking%2Cupela"} []
[2018-05-16 20:06:33] security.DEBUG: Read existing security token from the session. {"key":"_security_main"} []
[2018-05-16 20:06:33] security.DEBUG: User was reloaded from a user provider. {"username":"bilisummaawear@gmail.com","provider":"PrestaShopBundle\\Security\\Admin\\EmployeeProvider"} []
[2018-05-16 20:06:38] app.ERROR: Data from PrestaShop Addons is invalid, and cannot fallback on cache.  {"exception":"cURL error 28: Operation timed out after 5000 milliseconds with 154344 bytes received"} []
[2018-05-16 20:06:40] security.DEBUG: Stored the security token in the session. {"key":"_security_main"} []
